\BOOKMARK [0][-]{chapter.1}{\376\377\000I\000n\000t\000e\000r\000p\000r\000e\000t\000a\000b\000i\000l\000i\000t\000y}{}% 1
\BOOKMARK [1][-]{section.1.1}{\376\377\000I\000n\000t\000r\000o\000d\000u\000c\000t\000i\000o\000n}{chapter.1}% 2
\BOOKMARK [1][-]{section.1.2}{\376\377\000I\000n\000t\000e\000r\000p\000r\000e\000t\000a\000t\000i\000o\000n\000\040\000M\000e\000t\000h\000o\000d\000s}{chapter.1}% 3
\BOOKMARK [0][-]{chapter.2}{\376\377\000L\000o\000g\000i\000c\000a\000l\000\040\000N\000e\000u\000r\000a\000l\000\040\000N\000e\000t\000w\000o\000r\000k\000s}{}% 4
\BOOKMARK [1][-]{section.2.1}{\376\377\000I\000n\000t\000r\000o\000d\000u\000c\000t\000i\000o\000n}{chapter.2}% 5
\BOOKMARK [1][-]{section.2.2}{\376\377\000R\000e\000a\000l\000\040\000L\000o\000g\000i\000c}{chapter.2}% 6
\BOOKMARK [2][-]{subsection.2.2.1}{\376\377\000R\000e\000a\000l\000\040\000C\000o\000n\000j\000u\000n\000c\000t\000i\000o\000n\000\040\000a\000n\000d\000\040\000N\000e\000g\000a\000t\000i\000o\000n}{section.2.2}% 7
\BOOKMARK [1][-]{section.2.3}{\376\377\000G\000e\000n\000e\000r\000a\000l\000\040\000A\000r\000c\000h\000i\000t\000e\000c\000t\000u\000r\000e\000s}{chapter.2}% 8
\BOOKMARK [1][-]{section.2.4}{\376\377\000A\000n\000a\000l\000y\000s\000i\000s\000\040\000o\000f\000\040\000a\000\040\000T\000o\000y\000\040\000P\000r\000o\000b\000l\000e\000m}{chapter.2}% 9
\BOOKMARK [2][-]{subsection.2.4.1}{\376\377\000I\000n\000c\000o\000r\000r\000e\000c\000t\000\040\000G\000r\000a\000d\000i\000e\000n\000t\000s}{section.2.4}% 10
\BOOKMARK [2][-]{subsection.2.4.2}{\376\377\000V\000a\000n\000i\000s\000h\000i\000n\000g\000\040\000G\000r\000a\000d\000i\000e\000n\000t\000s}{section.2.4}% 11
\BOOKMARK [2][-]{subsection.2.4.3}{\376\377\000O\000t\000h\000e\000r\000\040\000G\000r\000a\000d\000i\000e\000n\000t\000\040\000C\000o\000n\000c\000e\000r\000n\000s}{section.2.4}% 12
\BOOKMARK [2][-]{subsection.2.4.4}{\376\377\000P\000o\000s\000s\000i\000b\000l\000e\000\040\000R\000e\000s\000o\000l\000u\000t\000i\000o\000n\000s}{section.2.4}% 13
\BOOKMARK [1][-]{section.2.5}{\376\377\000C\000o\000m\000p\000a\000r\000i\000s\000o\000n\000\040\000w\000i\000t\000h\000\040\000T\000r\000a\000d\000i\000t\000i\000o\000n\000a\000l\000\040\000M\000e\000t\000h\000o\000d\000s}{chapter.2}% 14
\BOOKMARK [2][-]{subsection.2.5.1}{\376\377\000L\000e\000a\000r\000n\000i\000n\000g\000\040\000C\000o\000n\000j\000u\000n\000c\000t\000i\000o\000n\000s}{section.2.5}% 15
\BOOKMARK [2][-]{subsection.2.5.2}{\376\377\000L\000e\000a\000r\000n\000i\000n\000g\000\040\000A\000r\000b\000i\000t\000r\000a\000r\000y\000\040\000F\000u\000n\000c\000t\000i\000o\000n\000s}{section.2.5}% 16
\BOOKMARK [1][-]{section.2.6}{\376\377\000A\000l\000t\000e\000r\000n\000a\000t\000i\000v\000e\000\040\000F\000r\000a\000m\000e\000w\000o\000r\000k\000s}{chapter.2}% 17
\BOOKMARK [2][-]{subsection.2.6.1}{\376\377\000A\000l\000t\000e\000r\000n\000a\000t\000i\000v\000e\000\040\000A\000p\000p\000l\000i\000c\000a\000t\000i\000o\000n\000s\000\040\000o\000f\000\040\000R\000e\000a\000l\000\040\000L\000o\000g\000i\000c}{section.2.6}% 18
\BOOKMARK [2][-]{subsection.2.6.2}{\376\377\000E\000m\000b\000e\000d\000d\000e\000d\000\040\000L\000o\000g\000i\000c\000\040\000a\000n\000d\000\040\000R\000e\000l\000a\000t\000i\000o\000n\000s}{section.2.6}% 19
\BOOKMARK [2][-]{subsection.2.6.3}{\376\377\000B\000a\000y\000e\000s\000i\000a\000n\000\040\000M\000o\000d\000e\000l\000s\000\040\000a\000n\000d\000\040\000P\000r\000o\000b\000a\000b\000i\000l\000i\000s\000t\000i\000c\000\040\000L\000o\000g\000i\000c}{section.2.6}% 20
\BOOKMARK [0][-]{chapter.3}{\376\377\000A\000p\000p\000l\000i\000c\000a\000t\000i\000o\000n\000\040\000t\000o\000\040\000C\000o\000m\000p\000l\000e\000x\000\040\000P\000r\000o\000b\000l\000e\000m\000s}{}% 21
\BOOKMARK [0][-]{chapter.4}{\376\377\000A\000\040\000C\000h\000e\000s\000s\000\040\000A\000r\000c\000h\000i\000t\000e\000c\000t\000u\000r\000e}{}% 22
\BOOKMARK [0][-]{chapter.5}{\376\377\000C\000o\000n\000c\000l\000u\000s\000i\000o\000n\000s}{}% 23
